* using log directory ‘/Users/songxiaoyu152/Library/CloudStorage/OneDrive-TheMountSinaiHospital/CPTAC_Song/Paper_MiXcan/Github/MiXcan.Rcheck’
* using R version 4.2.3 (2023-03-15)
* using platform: x86_64-apple-darwin17.0 (64-bit)
* using session charset: UTF-8
* using options ‘--no-manual --as-cran’
* checking for file ‘MiXcan/DESCRIPTION’ ... OK
* checking extension type ... Package
* this is package ‘MiXcan’ version ‘0.1.0’
* package encoding: UTF-8
* checking package namespace information ... OK
* checking package dependencies ... OK
* checking if this is a source package ... OK
* checking if there is a namespace ... OK
* checking for executable files ... OK
* checking for hidden files and directories ... OK
* checking for portable file names ... OK
* checking for sufficient/correct file permissions ... OK
* checking whether package ‘MiXcan’ can be installed ... OK
* checking installed package size ... OK
* checking package directory ... OK
* checking for future file timestamps ... OK
* checking DESCRIPTION meta-information ... WARNING
Invalid license file pointers: LICENSE
* checking top-level files ... OK
* checking for left-over files ... OK
* checking index information ... OK
* checking package subdirectories ... OK
* checking R files for non-ASCII characters ... OK
* checking R files for syntax errors ... OK
* checking whether the package can be loaded ... OK
* checking whether the package can be loaded with stated dependencies ... OK
* checking whether the package can be unloaded cleanly ... OK
* checking whether the namespace can be loaded with stated dependencies ... OK
* checking whether the namespace can be unloaded cleanly ... OK
* checking dependencies in R code ... WARNING
'::' or ':::' import not declared from: ‘ACAT’
Namespaces in Imports field not imported from:
  ‘doParallel’ ‘tidyverse’
  All declared Imports should be used.
* checking S3 generic/method consistency ... OK
* checking replacement functions ... OK
* checking foreign function calls ... OK
* checking R code for possible problems ... NOTE
MiXcan: no visible global function definition for ‘lm’
  (/Users/songxiaoyu152/Library/CloudStorage/OneDrive-TheMountSinaiHospital/CPTAC_Song/Paper_MiXcan/Github/Package/R/MiXcan.R:87)
MiXcan: no visible global function definition for ‘coef’
  (/Users/songxiaoyu152/Library/CloudStorage/OneDrive-TheMountSinaiHospital/CPTAC_Song/Paper_MiXcan/Github/Package/R/MiXcan.R:88)
MiXcan : <anonymous>: no visible global function definition for
  ‘quantile’
  (/Users/songxiaoyu152/Library/CloudStorage/OneDrive-TheMountSinaiHospital/CPTAC_Song/Paper_MiXcan/Github/Package/R/MiXcan.R:90)
MiXcan_association: no visible binding for global variable
  ‘MiXcan_prediction_result’
  (/Users/songxiaoyu152/Library/CloudStorage/OneDrive-TheMountSinaiHospital/CPTAC_Song/Paper_MiXcan/Github/Package/R/MiXcan_association.R:19)
MiXcan_association: no visible global function definition for ‘glm’
  (/Users/songxiaoyu152/Library/CloudStorage/OneDrive-TheMountSinaiHospital/CPTAC_Song/Paper_MiXcan/Github/Package/R/MiXcan_association.R:20)
MiXcan_association: no visible global function definition for
  ‘as.formula’
  (/Users/songxiaoyu152/Library/CloudStorage/OneDrive-TheMountSinaiHospital/CPTAC_Song/Paper_MiXcan/Github/Package/R/MiXcan_association.R:20)
MiXcan_association: no visible global function definition for ‘%>%’
  (/Users/songxiaoyu152/Library/CloudStorage/OneDrive-TheMountSinaiHospital/CPTAC_Song/Paper_MiXcan/Github/Package/R/MiXcan_association.R:22-23)
MiXcan_association: no visible global function definition for ‘filter’
  (/Users/songxiaoyu152/Library/CloudStorage/OneDrive-TheMountSinaiHospital/CPTAC_Song/Paper_MiXcan/Github/Package/R/MiXcan_association.R:22-23)
MiXcan_association: no visible binding for global variable ‘term’
  (/Users/songxiaoyu152/Library/CloudStorage/OneDrive-TheMountSinaiHospital/CPTAC_Song/Paper_MiXcan/Github/Package/R/MiXcan_association.R:22-23)
MiXcan_association: no visible global function definition for ‘%>%’
  (/Users/songxiaoyu152/Library/CloudStorage/OneDrive-TheMountSinaiHospital/CPTAC_Song/Paper_MiXcan/Github/Package/R/MiXcan_association.R:24-25)
MiXcan_association: no visible global function definition for ‘filter’
  (/Users/songxiaoyu152/Library/CloudStorage/OneDrive-TheMountSinaiHospital/CPTAC_Song/Paper_MiXcan/Github/Package/R/MiXcan_association.R:24-25)
MiXcan_association: no visible binding for global variable ‘term’
  (/Users/songxiaoyu152/Library/CloudStorage/OneDrive-TheMountSinaiHospital/CPTAC_Song/Paper_MiXcan/Github/Package/R/MiXcan_association.R:24-25)
MiXcan_association: no visible global function definition for ‘cor’
  (/Users/songxiaoyu152/Library/CloudStorage/OneDrive-TheMountSinaiHospital/CPTAC_Song/Paper_MiXcan/Github/Package/R/MiXcan_association.R:26-28)
MiXcan_association: no visible global function definition for ‘cor’
  (/Users/songxiaoyu152/Library/CloudStorage/OneDrive-TheMountSinaiHospital/CPTAC_Song/Paper_MiXcan/Github/Package/R/MiXcan_association.R:29-32)
MiXcan_association: no visible global function definition for ‘%>%’
  (/Users/songxiaoyu152/Library/CloudStorage/OneDrive-TheMountSinaiHospital/CPTAC_Song/Paper_MiXcan/Github/Package/R/MiXcan_association.R:30-31)
MiXcan_association: no visible global function definition for ‘mutate’
  (/Users/songxiaoyu152/Library/CloudStorage/OneDrive-TheMountSinaiHospital/CPTAC_Song/Paper_MiXcan/Github/Package/R/MiXcan_association.R:30-31)
MiXcan_association: no visible binding for global variable ‘estimate’
  (/Users/songxiaoyu152/Library/CloudStorage/OneDrive-TheMountSinaiHospital/CPTAC_Song/Paper_MiXcan/Github/Package/R/MiXcan_association.R:30-31)
MiXcan_association: no visible global function definition for ‘%>%’
  (/Users/songxiaoyu152/Library/CloudStorage/OneDrive-TheMountSinaiHospital/CPTAC_Song/Paper_MiXcan/Github/Package/R/MiXcan_association.R:34-43)
MiXcan_association: no visible binding for global variable ‘estimate’
  (/Users/songxiaoyu152/Library/CloudStorage/OneDrive-TheMountSinaiHospital/CPTAC_Song/Paper_MiXcan/Github/Package/R/MiXcan_association.R:34-43)
MiXcan_association: no visible binding for global variable ‘std.error’
  (/Users/songxiaoyu152/Library/CloudStorage/OneDrive-TheMountSinaiHospital/CPTAC_Song/Paper_MiXcan/Github/Package/R/MiXcan_association.R:34-43)
MiXcan_association: no visible binding for global variable ‘p.value’
  (/Users/songxiaoyu152/Library/CloudStorage/OneDrive-TheMountSinaiHospital/CPTAC_Song/Paper_MiXcan/Github/Package/R/MiXcan_association.R:34-43)
MiXcan_association: no visible global function definition for
  ‘bind_cols’
  (/Users/songxiaoyu152/Library/CloudStorage/OneDrive-TheMountSinaiHospital/CPTAC_Song/Paper_MiXcan/Github/Package/R/MiXcan_association.R:34-43)
MiXcan_association: no visible global function definition for ‘mutate’
  (/Users/songxiaoyu152/Library/CloudStorage/OneDrive-TheMountSinaiHospital/CPTAC_Song/Paper_MiXcan/Github/Package/R/MiXcan_association.R:34-43)
MiXcan_extract_summary: no visible global function definition for
  ‘cor.test’
  (/Users/songxiaoyu152/Library/CloudStorage/OneDrive-TheMountSinaiHospital/CPTAC_Song/Paper_MiXcan/Github/Package/R/MiXcan_extract_summary.R:19)
MiXcan_extract_weight: no visible global function definition for ‘%>%’
  (/Users/songxiaoyu152/Library/CloudStorage/OneDrive-TheMountSinaiHospital/CPTAC_Song/Paper_MiXcan/Github/Package/R/MiXcan_extract_weight.R:14-20)
MiXcan_extract_weight: no visible global function definition for
  ‘rename’
  (/Users/songxiaoyu152/Library/CloudStorage/OneDrive-TheMountSinaiHospital/CPTAC_Song/Paper_MiXcan/Github/Package/R/MiXcan_extract_weight.R:14-20)
MiXcan_extract_weight: no visible binding for global variable ‘weight’
  (/Users/songxiaoyu152/Library/CloudStorage/OneDrive-TheMountSinaiHospital/CPTAC_Song/Paper_MiXcan/Github/Package/R/MiXcan_extract_weight.R:14-20)
MiXcan_extract_weight: no visible global function definition for
  ‘inner_join’
  (/Users/songxiaoyu152/Library/CloudStorage/OneDrive-TheMountSinaiHospital/CPTAC_Song/Paper_MiXcan/Github/Package/R/MiXcan_extract_weight.R:14-20)
MiXcan_extract_weight: no visible global function definition for
  ‘mutate’
  (/Users/songxiaoyu152/Library/CloudStorage/OneDrive-TheMountSinaiHospital/CPTAC_Song/Paper_MiXcan/Github/Package/R/MiXcan_extract_weight.R:14-20)
MiXcan_extract_weight: no visible global function definition for
  ‘add_column’
  (/Users/songxiaoyu152/Library/CloudStorage/OneDrive-TheMountSinaiHospital/CPTAC_Song/Paper_MiXcan/Github/Package/R/MiXcan_extract_weight.R:14-20)
MiXcan_extract_weight: no visible global function definition for ‘%>%’
  (/Users/songxiaoyu152/Library/CloudStorage/OneDrive-TheMountSinaiHospital/CPTAC_Song/Paper_MiXcan/Github/Package/R/MiXcan_extract_weight.R:23-24)
MiXcan_extract_weight: no visible global function definition for
  ‘filter’
  (/Users/songxiaoyu152/Library/CloudStorage/OneDrive-TheMountSinaiHospital/CPTAC_Song/Paper_MiXcan/Github/Package/R/MiXcan_extract_weight.R:23-24)
MiXcan_extract_weight: no visible binding for global variable
  ‘weight_cell_1’
  (/Users/songxiaoyu152/Library/CloudStorage/OneDrive-TheMountSinaiHospital/CPTAC_Song/Paper_MiXcan/Github/Package/R/MiXcan_extract_weight.R:23-24)
calculateLL.1d : <anonymous>: no visible global function definition for
  ‘dnorm’
  (/Users/songxiaoyu152/Library/CloudStorage/OneDrive-TheMountSinaiHospital/CPTAC_Song/Paper_MiXcan/Github/Package/R/deNet_purity.R:36)
deNet_purity: no visible binding for global variable ‘sd’
  (/Users/songxiaoyu152/Library/CloudStorage/OneDrive-TheMountSinaiHospital/CPTAC_Song/Paper_MiXcan/Github/Package/R/deNet_purity.R:55)
deNet_purity: no visible global function definition for ‘var’
  (/Users/songxiaoyu152/Library/CloudStorage/OneDrive-TheMountSinaiHospital/CPTAC_Song/Paper_MiXcan/Github/Package/R/deNet_purity.R:70)
deNet_purity: no visible global function definition for ‘%dopar%’
  (/Users/songxiaoyu152/Library/CloudStorage/OneDrive-TheMountSinaiHospital/CPTAC_Song/Paper_MiXcan/Github/Package/R/deNet_purity.R:77-94)
deNet_purity: no visible global function definition for ‘foreach’
  (/Users/songxiaoyu152/Library/CloudStorage/OneDrive-TheMountSinaiHospital/CPTAC_Song/Paper_MiXcan/Github/Package/R/deNet_purity.R:77-94)
deNet_purity: no visible global function definition for ‘var’
  (/Users/songxiaoyu152/Library/CloudStorage/OneDrive-TheMountSinaiHospital/CPTAC_Song/Paper_MiXcan/Github/Package/R/deNet_purity.R:84)
deNet_purity : <anonymous> : f: no visible global function definition
  for ‘dnorm’
  (/Users/songxiaoyu152/Library/CloudStorage/OneDrive-TheMountSinaiHospital/CPTAC_Song/Paper_MiXcan/Github/Package/R/deNet_purity.R:109)
deNet_purity : <anonymous>: no visible global function definition for
  ‘optim’
  (/Users/songxiaoyu152/Library/CloudStorage/OneDrive-TheMountSinaiHospital/CPTAC_Song/Paper_MiXcan/Github/Package/R/deNet_purity.R:111)
deNet_purity : <anonymous> : f: no visible global function definition
  for ‘dbeta’
  (/Users/songxiaoyu152/Library/CloudStorage/OneDrive-TheMountSinaiHospital/CPTAC_Song/Paper_MiXcan/Github/Package/R/deNet_purity.R:120)
deNet_purity : <anonymous>: no visible global function definition for
  ‘optim’
  (/Users/songxiaoyu152/Library/CloudStorage/OneDrive-TheMountSinaiHospital/CPTAC_Song/Paper_MiXcan/Github/Package/R/deNet_purity.R:122)
deNet_purity : f: no visible global function definition for ‘dbeta’
  (/Users/songxiaoyu152/Library/CloudStorage/OneDrive-TheMountSinaiHospital/CPTAC_Song/Paper_MiXcan/Github/Package/R/deNet_purity.R:123)
deNet_purity: no visible global function definition for ‘optim’
  (/Users/songxiaoyu152/Library/CloudStorage/OneDrive-TheMountSinaiHospital/CPTAC_Song/Paper_MiXcan/Github/Package/R/deNet_purity.R:124)
pi_estimation: no visible global function definition for ‘%dopar%’
  (/Users/songxiaoyu152/Library/CloudStorage/OneDrive-TheMountSinaiHospital/CPTAC_Song/Paper_MiXcan/Github/Package/R/pi_estimation.R:16-26)
pi_estimation: no visible global function definition for ‘foreach’
  (/Users/songxiaoyu152/Library/CloudStorage/OneDrive-TheMountSinaiHospital/CPTAC_Song/Paper_MiXcan/Github/Package/R/pi_estimation.R:16-26)
pi_estimation: no visible global function definition for ‘tibble’
  (/Users/songxiaoyu152/Library/CloudStorage/OneDrive-TheMountSinaiHospital/CPTAC_Song/Paper_MiXcan/Github/Package/R/pi_estimation.R:21-23)
pi_estimation: no visible binding for global variable ‘i’
  (/Users/songxiaoyu152/Library/CloudStorage/OneDrive-TheMountSinaiHospital/CPTAC_Song/Paper_MiXcan/Github/Package/R/pi_estimation.R:21-23)
pi_estimation: no visible global function definition for ‘%>%’
  (/Users/songxiaoyu152/Library/CloudStorage/OneDrive-TheMountSinaiHospital/CPTAC_Song/Paper_MiXcan/Github/Package/R/pi_estimation.R:28-31)
pi_estimation: no visible global function definition for ‘group_by’
  (/Users/songxiaoyu152/Library/CloudStorage/OneDrive-TheMountSinaiHospital/CPTAC_Song/Paper_MiXcan/Github/Package/R/pi_estimation.R:28-31)
pi_estimation: no visible global function definition for ‘summarise’
  (/Users/songxiaoyu152/Library/CloudStorage/OneDrive-TheMountSinaiHospital/CPTAC_Song/Paper_MiXcan/Github/Package/R/pi_estimation.R:28-31)
pi_estimation: no visible binding for global variable ‘prop’
  (/Users/songxiaoyu152/Library/CloudStorage/OneDrive-TheMountSinaiHospital/CPTAC_Song/Paper_MiXcan/Github/Package/R/pi_estimation.R:28-31)
pi_estimation: no visible binding for global variable ‘ungroup’
  (/Users/songxiaoyu152/Library/CloudStorage/OneDrive-TheMountSinaiHospital/CPTAC_Song/Paper_MiXcan/Github/Package/R/pi_estimation.R:28-31)
Undefined global functions or variables:
  %>% %dopar% MiXcan_prediction_result add_column as.formula bind_cols
  coef cor cor.test dbeta dnorm estimate filter foreach glm group_by i
  inner_join lm mutate optim p.value prop quantile rename sd std.error
  summarise term tibble ungroup var weight weight_cell_1
Consider adding
  importFrom("stats", "as.formula", "coef", "cor", "cor.test", "dbeta",
             "dnorm", "filter", "glm", "lm", "optim", "quantile", "sd",
             "var")
to your NAMESPACE file.
* checking Rd files ... OK
* checking Rd metadata ... OK
* checking Rd line widths ... NOTE
Error in find.package(package, lib.loc) : 
  there is no package called ‘MiXcan’
Calls: suppressPackageStartupMessages ... withCallingHandlers -> <Anonymous> -> Rd_db -> find.package
Execution halted
These lines will be truncated in the PDF manual.
* checking Rd cross-references ... OK
* checking for missing documentation entries ... WARNING
Undocumented code objects:
  ‘GTEx_epithelial_genes’ ‘GTEx_prior’ ‘cov_example’
  ‘covariates_example’ ‘deNet_purity’ ‘new_X_example’ ‘outcome_example’
  ‘x_example’ ‘y_example’
Undocumented data sets:
  ‘GTEx_epithelial_genes’ ‘GTEx_prior’ ‘cov_example’
  ‘covariates_example’ ‘new_X_example’ ‘outcome_example’ ‘x_example’
  ‘y_example’
All user-level objects in a package should have documentation entries.
See chapter ‘Writing R documentation files’ in the ‘Writing R
Extensions’ manual.
* checking for code/documentation mismatches ... OK
* checking Rd \usage sections ... WARNING
Undocumented arguments in documentation object 'MiXcan'
  ‘y’ ‘x’ ‘cov’ ‘pi’ ‘xNameMatrix’ ‘yName’ ‘foldid’
Documented arguments not in \usage in documentation object 'MiXcan':
  ‘y:’ ‘x:’ ‘cov:’ ‘pi:’ ‘xNameMatrix:’ ‘yName:’ ‘foldid:’

Undocumented arguments in documentation object 'MiXcan_association'
  ‘MiXcan_predicted_expr’ ‘covariates’ ‘outcome’ ‘family’
Documented arguments not in \usage in documentation object 'MiXcan_association':
  ‘MiXcan_predicted_expr:’ ‘covariates:’ ‘outcome:’ ‘family:’

Undocumented arguments in documentation object 'MiXcan_extract_summary'
  ‘x’ ‘y’ ‘pi’ ‘foldid’ ‘model’
Documented arguments not in \usage in documentation object 'MiXcan_extract_summary':
  ‘MiXcan_model’

Undocumented arguments in documentation object 'pi_estimation'
  ‘expression_matrix’ ‘n_iteration’ ‘prior’
Documented arguments not in \usage in documentation object 'pi_estimation':
  ‘expression_matrix:’ ‘n_iteration:’ ‘prior:’

Functions with \usage entries need to have the appropriate \alias
entries, and all their arguments documented.
The \usage entries must correspond to syntactically valid R code.
See chapter ‘Writing R documentation files’ in the ‘Writing R
Extensions’ manual.
* checking Rd contents ... OK
* checking for unstated dependencies in examples ... OK
* checking contents of ‘data’ directory ... NOTE
File 'data/datalist' is out-of-date:
  Error in list_data_in_pkg(package, lib.loc) : 
    there is no package called ‘MiXcan’
  Calls: <Anonymous> -> list_data_in_pkg
  Execution halted
Please re-create using tools::add_datalist(force = TRUE).
* checking data for non-ASCII characters ... OK
* checking LazyData ... OK
* checking data for ASCII and uncompressed saves ... OK
* checking examples ... SKIPPED
* checking for non-standard things in the check directory ... OK
* checking for detritus in the temp directory ... OK
* DONE
Status: 4 WARNINGs, 3 NOTEs
